[22-Apr-2025 03:47:43 Europe/Berlin] Teacher Dashboard Error: Unknown column 'ts.class_id' in 'on clause' in C:\xampp\htdocs\Student_Result\Teacher\teacher_dashboard.php on line 50
[22-Apr-2025 03:47:43 Europe/Berlin] Stack trace: #0 C:\xampp\htdocs\Student_Result\Teacher\teacher_dashboard.php(50): mysqli->prepare('SELECT DISTINCT...')
#1 {main}
[22-Apr-2025 03:47:43 Europe/Berlin] PHP Warning:  Undefined variable $pending_tasks in C:\xampp\htdocs\Student_Result\Teacher\teacher_dashboard.php on line 263
[22-Apr-2025 03:47:43 Europe/Berlin] PHP Fatal error:  Uncaught TypeError: count(): Argument #1 ($value) must be of type Countable|array, null given in C:\xampp\htdocs\Student_Result\Teacher\teacher_dashboard.php:263
Stack trace:
#0 {main}
  thrown in C:\xampp\htdocs\Student_Result\Teacher\teacher_dashboard.php on line 263
[22-Apr-2025 03:47:46 Europe/Berlin] Teacher Dashboard Error: Unknown column 'ts.class_id' in 'on clause' in C:\xampp\htdocs\Student_Result\Teacher\teacher_dashboard.php on line 50
[22-Apr-2025 03:47:46 Europe/Berlin] Stack trace: #0 C:\xampp\htdocs\Student_Result\Teacher\teacher_dashboard.php(50): mysqli->prepare('SELECT DISTINCT...')
#1 {main}
[22-Apr-2025 03:47:46 Europe/Berlin] PHP Warning:  Undefined variable $pending_tasks in C:\xampp\htdocs\Student_Result\Teacher\teacher_dashboard.php on line 263
[22-Apr-2025 03:47:46 Europe/Berlin] PHP Fatal error:  Uncaught TypeError: count(): Argument #1 ($value) must be of type Countable|array, null given in C:\xampp\htdocs\Student_Result\Teacher\teacher_dashboard.php:263
Stack trace:
#0 {main}
  thrown in C:\xampp\htdocs\Student_Result\Teacher\teacher_dashboard.php on line 263
[22-Apr-2025 03:47:47 Europe/Berlin] Teacher Dashboard Error: Unknown column 'ts.class_id' in 'on clause' in C:\xampp\htdocs\Student_Result\Teacher\teacher_dashboard.php on line 50
[22-Apr-2025 03:47:47 Europe/Berlin] Stack trace: #0 C:\xampp\htdocs\Student_Result\Teacher\teacher_dashboard.php(50): mysqli->prepare('SELECT DISTINCT...')
#1 {main}
[22-Apr-2025 03:47:47 Europe/Berlin] PHP Warning:  Undefined variable $pending_tasks in C:\xampp\htdocs\Student_Result\Teacher\teacher_dashboard.php on line 263
[22-Apr-2025 03:47:47 Europe/Berlin] PHP Fatal error:  Uncaught TypeError: count(): Argument #1 ($value) must be of type Countable|array, null given in C:\xampp\htdocs\Student_Result\Teacher\teacher_dashboard.php:263
Stack trace:
#0 {main}
  thrown in C:\xampp\htdocs\Student_Result\Teacher\teacher_dashboard.php on line 263
[22-Apr-2025 03:48:13 Europe/Berlin] Teacher Dashboard Error: Unknown column 'ts.class_id' in 'on clause' in C:\xampp\htdocs\Student_Result\Teacher\teacher_dashboard.php on line 50
[22-Apr-2025 03:48:13 Europe/Berlin] Stack trace: #0 C:\xampp\htdocs\Student_Result\Teacher\teacher_dashboard.php(50): mysqli->prepare('SELECT DISTINCT...')
#1 {main}
[22-Apr-2025 03:48:13 Europe/Berlin] PHP Warning:  Undefined variable $pending_tasks in C:\xampp\htdocs\Student_Result\Teacher\teacher_dashboard.php on line 263
[22-Apr-2025 03:48:13 Europe/Berlin] PHP Fatal error:  Uncaught TypeError: count(): Argument #1 ($value) must be of type Countable|array, null given in C:\xampp\htdocs\Student_Result\Teacher\teacher_dashboard.php:263
Stack trace:
#0 {main}
  thrown in C:\xampp\htdocs\Student_Result\Teacher\teacher_dashboard.php on line 263
[22-Apr-2025 03:48:24 Europe/Berlin] Teacher Dashboard Error: Unknown column 'ts.class_id' in 'on clause' in C:\xampp\htdocs\Student_Result\Teacher\teacher_dashboard.php on line 50
[22-Apr-2025 03:48:24 Europe/Berlin] Stack trace: #0 C:\xampp\htdocs\Student_Result\Teacher\teacher_dashboard.php(50): mysqli->prepare('SELECT DISTINCT...')
#1 {main}
[22-Apr-2025 03:48:24 Europe/Berlin] PHP Warning:  Undefined variable $pending_tasks in C:\xampp\htdocs\Student_Result\Teacher\teacher_dashboard.php on line 263
[22-Apr-2025 03:48:24 Europe/Berlin] PHP Fatal error:  Uncaught TypeError: count(): Argument #1 ($value) must be of type Countable|array, null given in C:\xampp\htdocs\Student_Result\Teacher\teacher_dashboard.php:263
Stack trace:
#0 {main}
  thrown in C:\xampp\htdocs\Student_Result\Teacher\teacher_dashboard.php on line 263
[22-Apr-2025 03:48:27 Europe/Berlin] Teacher Dashboard Error: Unknown column 'ts.class_id' in 'on clause' in C:\xampp\htdocs\Student_Result\Teacher\teacher_dashboard.php on line 50
[22-Apr-2025 03:48:27 Europe/Berlin] Stack trace: #0 C:\xampp\htdocs\Student_Result\Teacher\teacher_dashboard.php(50): mysqli->prepare('SELECT DISTINCT...')
#1 {main}
[22-Apr-2025 03:48:27 Europe/Berlin] PHP Warning:  Undefined variable $pending_tasks in C:\xampp\htdocs\Student_Result\Teacher\teacher_dashboard.php on line 263
[22-Apr-2025 03:48:27 Europe/Berlin] PHP Fatal error:  Uncaught TypeError: count(): Argument #1 ($value) must be of type Countable|array, null given in C:\xampp\htdocs\Student_Result\Teacher\teacher_dashboard.php:263
Stack trace:
#0 {main}
  thrown in C:\xampp\htdocs\Student_Result\Teacher\teacher_dashboard.php on line 263
[22-Apr-2025 03:48:30 Europe/Berlin] Teacher Dashboard Error: Unknown column 'ts.class_id' in 'on clause' in C:\xampp\htdocs\Student_Result\Teacher\teacher_dashboard.php on line 50
[22-Apr-2025 03:48:30 Europe/Berlin] Stack trace: #0 C:\xampp\htdocs\Student_Result\Teacher\teacher_dashboard.php(50): mysqli->prepare('SELECT DISTINCT...')
#1 {main}
[22-Apr-2025 03:48:30 Europe/Berlin] PHP Warning:  Undefined variable $pending_tasks in C:\xampp\htdocs\Student_Result\Teacher\teacher_dashboard.php on line 263
[22-Apr-2025 03:48:30 Europe/Berlin] PHP Fatal error:  Uncaught TypeError: count(): Argument #1 ($value) must be of type Countable|array, null given in C:\xampp\htdocs\Student_Result\Teacher\teacher_dashboard.php:263
Stack trace:
#0 {main}
  thrown in C:\xampp\htdocs\Student_Result\Teacher\teacher_dashboard.php on line 263
[22-Apr-2025 03:48:32 Europe/Berlin] Teacher Dashboard Error: Unknown column 'ts.class_id' in 'on clause' in C:\xampp\htdocs\Student_Result\Teacher\teacher_dashboard.php on line 50
[22-Apr-2025 03:48:32 Europe/Berlin] Stack trace: #0 C:\xampp\htdocs\Student_Result\Teacher\teacher_dashboard.php(50): mysqli->prepare('SELECT DISTINCT...')
#1 {main}
[22-Apr-2025 03:48:32 Europe/Berlin] PHP Warning:  Undefined variable $pending_tasks in C:\xampp\htdocs\Student_Result\Teacher\teacher_dashboard.php on line 263
[22-Apr-2025 03:48:32 Europe/Berlin] PHP Fatal error:  Uncaught TypeError: count(): Argument #1 ($value) must be of type Countable|array, null given in C:\xampp\htdocs\Student_Result\Teacher\teacher_dashboard.php:263
Stack trace:
#0 {main}
  thrown in C:\xampp\htdocs\Student_Result\Teacher\teacher_dashboard.php on line 263
[22-Apr-2025 03:48:34 Europe/Berlin] Teacher Dashboard Error: Unknown column 'ts.class_id' in 'on clause' in C:\xampp\htdocs\Student_Result\Teacher\teacher_dashboard.php on line 50
[22-Apr-2025 03:48:34 Europe/Berlin] Stack trace: #0 C:\xampp\htdocs\Student_Result\Teacher\teacher_dashboard.php(50): mysqli->prepare('SELECT DISTINCT...')
#1 {main}
[22-Apr-2025 03:48:34 Europe/Berlin] PHP Warning:  Undefined variable $pending_tasks in C:\xampp\htdocs\Student_Result\Teacher\teacher_dashboard.php on line 263
[22-Apr-2025 03:48:34 Europe/Berlin] PHP Fatal error:  Uncaught TypeError: count(): Argument #1 ($value) must be of type Countable|array, null given in C:\xampp\htdocs\Student_Result\Teacher\teacher_dashboard.php:263
Stack trace:
#0 {main}
  thrown in C:\xampp\htdocs\Student_Result\Teacher\teacher_dashboard.php on line 263
[22-Apr-2025 03:48:35 Europe/Berlin] PHP Fatal error:  Uncaught mysqli_sql_exception: Unknown column 'ts.class_id' in 'where clause' in C:\xampp\htdocs\Student_Result\Teacher\includes\functions.php:231
Stack trace:
#0 C:\xampp\htdocs\Student_Result\Teacher\includes\functions.php(231): mysqli->prepare('SELECT COUNT(*)...')
#1 C:\xampp\htdocs\Student_Result\Teacher\edit_marks.php(23): isTeacherAssignedToSubject(Object(mysqli), 5, 0, 0)
#2 {main}
  thrown in C:\xampp\htdocs\Student_Result\Teacher\includes\functions.php on line 231
[22-Apr-2025 03:48:37 Europe/Berlin] Teacher Dashboard Error: Unknown column 'ts.class_id' in 'on clause' in C:\xampp\htdocs\Student_Result\Teacher\teacher_dashboard.php on line 50
[22-Apr-2025 03:48:37 Europe/Berlin] Stack trace: #0 C:\xampp\htdocs\Student_Result\Teacher\teacher_dashboard.php(50): mysqli->prepare('SELECT DISTINCT...')
#1 {main}
[22-Apr-2025 03:48:37 Europe/Berlin] PHP Warning:  Undefined variable $pending_tasks in C:\xampp\htdocs\Student_Result\Teacher\teacher_dashboard.php on line 263
[22-Apr-2025 03:48:37 Europe/Berlin] PHP Fatal error:  Uncaught TypeError: count(): Argument #1 ($value) must be of type Countable|array, null given in C:\xampp\htdocs\Student_Result\Teacher\teacher_dashboard.php:263
Stack trace:
#0 {main}
  thrown in C:\xampp\htdocs\Student_Result\Teacher\teacher_dashboard.php on line 263
[22-Apr-2025 03:55:54 Europe/Berlin] Teacher Dashboard Error: Unknown column 'c.class_teacher_id' in 'where clause' in C:\xampp\htdocs\Student_Result\Teacher\includes\functions.php on line 72
[22-Apr-2025 03:56:04 Europe/Berlin] Teacher Dashboard Error: Unknown column 'c.class_teacher_id' in 'where clause' in C:\xampp\htdocs\Student_Result\Teacher\includes\functions.php on line 72
[22-Apr-2025 03:56:06 Europe/Berlin] Edit Marks Error: Unknown column 'c.class_teacher_id' in 'where clause'
[22-Apr-2025 03:56:10 Europe/Berlin] Edit Marks Error: Unknown column 'c.class_teacher_id' in 'where clause'
[22-Apr-2025 03:56:21 Europe/Berlin] Teacher Dashboard Error: Unknown column 'c.class_teacher_id' in 'where clause' in C:\xampp\htdocs\Student_Result\Teacher\includes\functions.php on line 72
[22-Apr-2025 03:56:26 Europe/Berlin] Teacher Dashboard Error: Unknown column 'c.class_teacher_id' in 'where clause' in C:\xampp\htdocs\Student_Result\Teacher\includes\functions.php on line 72
[22-Apr-2025 03:58:10 Europe/Berlin] Teacher Dashboard Error: Unknown column 'c.class_teacher_id' in 'where clause' in C:\xampp\htdocs\Student_Result\Teacher\includes\functions.php on line 72
[22-Apr-2025 03:58:12 Europe/Berlin] Edit Marks Error: Unknown column 'c.class_teacher_id' in 'where clause'
[22-Apr-2025 04:07:14 Europe/Berlin] Teacher Dashboard Error: Unknown column 'c.class_teacher_id' in 'where clause' in C:\xampp\htdocs\Student_Result\Teacher\includes\functions.php on line 72
[22-Apr-2025 04:07:17 Europe/Berlin] Teacher Dashboard Error: Unknown column 'c.class_teacher_id' in 'where clause' in C:\xampp\htdocs\Student_Result\Teacher\includes\functions.php on line 72
[22-Apr-2025 04:07:28 Europe/Berlin] Teacher Dashboard Error: Unknown column 'c.class_teacher_id' in 'where clause' in C:\xampp\htdocs\Student_Result\Teacher\includes\functions.php on line 72
[22-Apr-2025 04:07:31 Europe/Berlin] Teacher Dashboard Error: Unknown column 'c.class_teacher_id' in 'where clause' in C:\xampp\htdocs\Student_Result\Teacher\includes\functions.php on line 72
[22-Apr-2025 04:07:33 Europe/Berlin] Edit Marks Error: Unknown column 'c.class_teacher_id' in 'where clause'
[22-Apr-2025 04:07:36 Europe/Berlin] Edit Marks Error: Unknown column 'c.class_teacher_id' in 'where clause'
[22-Apr-2025 17:08:16 Europe/Berlin] Teacher Dashboard Error: Unknown column 'c.class_teacher_id' in 'where clause' in C:\xampp\htdocs\Student_Result\Teacher\includes\functions.php on line 72
[22-Apr-2025 17:08:24 Europe/Berlin] Teacher Dashboard Error: Unknown column 'c.class_teacher_id' in 'where clause' in C:\xampp\htdocs\Student_Result\Teacher\includes\functions.php on line 72
[22-Apr-2025 17:08:35 Europe/Berlin] Teacher Dashboard Error: Unknown column 'c.class_teacher_id' in 'where clause' in C:\xampp\htdocs\Student_Result\Teacher\includes\functions.php on line 72
[22-Apr-2025 17:08:39 Europe/Berlin] Teacher Dashboard Error: Unknown column 'c.class_teacher_id' in 'where clause' in C:\xampp\htdocs\Student_Result\Teacher\includes\functions.php on line 72
[22-Apr-2025 17:08:44 Europe/Berlin] Teacher Dashboard Error: Unknown column 'c.class_teacher_id' in 'where clause' in C:\xampp\htdocs\Student_Result\Teacher\includes\functions.php on line 72
[22-Apr-2025 17:08:49 Europe/Berlin] Edit Marks Error: Unknown column 'c.class_teacher_id' in 'where clause'
[22-Apr-2025 17:13:37 Europe/Berlin] Edit Marks Error: Unknown column 'c.class_teacher_id' in 'where clause'
[24-Apr-2025 03:57:34 Europe/Berlin] Teacher Dashboard Error: Unknown column 'c.class_teacher_id' in 'where clause' in C:\xampp\htdocs\Student_Result\Teacher\includes\functions.php on line 72
[24-Apr-2025 03:58:08 Europe/Berlin] Teacher Dashboard Error: Unknown column 'c.class_teacher_id' in 'where clause' in C:\xampp\htdocs\Student_Result\Teacher\includes\functions.php on line 72
[24-Apr-2025 03:58:11 Europe/Berlin] Teacher Dashboard Error: Unknown column 'c.class_teacher_id' in 'where clause' in C:\xampp\htdocs\Student_Result\Teacher\includes\functions.php on line 72
[24-Apr-2025 03:58:17 Europe/Berlin] Teacher Dashboard Error: Unknown column 'c.class_teacher_id' in 'where clause' in C:\xampp\htdocs\Student_Result\Teacher\includes\functions.php on line 72
